[I 2025-05-21 15:11:19,663] A new study created in memory with name: no-name-d379bba8-cb66-45c0-94df-9754f5bbd308
[I 2025-05-21 15:11:20,420] Trial 0 finished with value: 21413.287907793776 and parameters: {'learning_rate': 0.06868574053860961, 'max_depth': 10, 'num_leaves': 43, 'min_child_samples': 41, 'subsample': 0.9886484398096693, 'colsample_bytree': 0.9330391673332309, 'reg_alpha': 0.8596824919485245, 'reg_lambda': 0.029159053874289853}. Best is trial 0 with value: 21413.287907793776.
[I 2025-05-21 15:11:20,834] Trial 1 finished with value: 20763.872491052633 and parameters: {'learning_rate': 0.07532807025607467, 'max_depth': 5, 'num_leaves': 66, 'min_child_samples': 9, 'subsample': 0.7434664218891543, 'colsample_bytree': 0.6516653075582601, 'reg_alpha': 0.740658854375602, 'reg_lambda': 0.11944821300561304}. Best is trial 1 with value: 20763.872491052633.
[I 2025-05-21 15:11:21,088] Trial 2 finished with value: 23031.413776879333 and parameters: {'learning_rate': 0.06993976653062245, 'max_depth': 4, 'num_leaves': 37, 'min_child_samples': 26, 'subsample': 0.8551301339985962, 'colsample_bytree': 0.8507179839368761, 'reg_alpha': 0.9391640452465427, 'reg_lambda': 0.7362230552301559}. Best is trial 1 with value: 20763.872491052633.
[I 2025-05-21 15:11:21,342] Trial 3 finished with value: 25725.659649243265 and parameters: {'learning_rate': 0.04441862242506507, 'max_depth': 4, 'num_leaves': 91, 'min_child_samples': 42, 'subsample': 0.8618724906771191, 'colsample_bytree': 0.6925431882547189, 'reg_alpha': 0.96738288084363, 'reg_lambda': 0.4378388315256726}. Best is trial 1 with value: 20763.872491052633.
[I 2025-05-21 15:11:21,719] Trial 4 finished with value: 22481.147325674527 and parameters: {'learning_rate': 0.0903701023007153, 'max_depth': 5, 'num_leaves': 99, 'min_child_samples': 34, 'subsample': 0.8306048397499957, 'colsample_bytree': 0.807139393614984, 'reg_alpha': 0.770149485787204, 'reg_lambda': 0.7322541035591019}. Best is trial 1 with value: 20763.872491052633.
[I 2025-05-21 15:11:22,492] Trial 5 finished with value: 24126.557748953583 and parameters: {'learning_rate': 0.02324364311703095, 'max_depth': 7, 'num_leaves': 57, 'min_child_samples': 49, 'subsample': 0.695274478766004, 'colsample_bytree': 0.706633564389768, 'reg_alpha': 0.6759115790794884, 'reg_lambda': 0.6133148775078965}. Best is trial 1 with value: 20763.872491052633.
[I 2025-05-21 15:11:23,479] Trial 6 finished with value: 19595.64513224502 and parameters: {'learning_rate': 0.04814608318679167, 'max_depth': 8, 'num_leaves': 88, 'min_child_samples': 7, 'subsample': 0.6602401743612781, 'colsample_bytree': 0.7436480278628934, 'reg_alpha': 0.9910363539951573, 'reg_lambda': 0.05108589956269172}. Best is trial 6 with value: 19595.64513224502.
[I 2025-05-21 15:11:23,838] Trial 7 finished with value: 21306.894083260395 and parameters: {'learning_rate': 0.05388404083911428, 'max_depth': 9, 'num_leaves': 20, 'min_child_samples': 16, 'subsample': 0.9284289002403643, 'colsample_bytree': 0.7550679890851034, 'reg_alpha': 0.8289870518081223, 'reg_lambda': 0.31991097781949807}. Best is trial 6 with value: 19595.64513224502.
[I 2025-05-21 15:11:24,398] Trial 8 finished with value: 22073.515182617186 and parameters: {'learning_rate': 0.025713688251532897, 'max_depth': 10, 'num_leaves': 25, 'min_child_samples': 6, 'subsample': 0.6997546653139293, 'colsample_bytree': 0.6497161183908832, 'reg_alpha': 0.8457705155862046, 'reg_lambda': 0.17823779898474712}. Best is trial 6 with value: 19595.64513224502.
[I 2025-05-21 15:11:25,051] Trial 9 finished with value: 22470.012680085896 and parameters: {'learning_rate': 0.06035710550125081, 'max_depth': 8, 'num_leaves': 35, 'min_child_samples': 47, 'subsample': 0.9663836683890997, 'colsample_bytree': 0.91389493665045, 'reg_alpha': 0.06426714728691041, 'reg_lambda': 0.7765845879546822}. Best is trial 6 with value: 19595.64513224502.
[I 2025-05-21 15:11:26,326] Trial 10 finished with value: 25340.486857211574 and parameters: {'learning_rate': 0.010356750584162536, 'max_depth': 7, 'num_leaves': 79, 'min_child_samples': 20, 'subsample': 0.63317124329628, 'colsample_bytree': 0.6020215736329517, 'reg_alpha': 0.35833349146519705, 'reg_lambda': 0.961946968366211}. Best is trial 6 with value: 19595.64513224502.
[I 2025-05-21 15:11:27,132] Trial 11 finished with value: 19944.464723500947 and parameters: {'learning_rate': 0.09448419769447525, 'max_depth': 6, 'num_leaves': 71, 'min_child_samples': 6, 'subsample': 0.7418992450039444, 'colsample_bytree': 0.7537531351913791, 'reg_alpha': 0.5616639827829178, 'reg_lambda': 0.0011896739210809776}. Best is trial 6 with value: 19595.64513224502.
[I 2025-05-21 15:11:28,014] Trial 12 finished with value: 19583.014136969276 and parameters: {'learning_rate': 0.09949740617957709, 'max_depth': 6, 'num_leaves': 77, 'min_child_samples': 13, 'subsample': 0.6049982218708536, 'colsample_bytree': 0.78591807010879, 'reg_alpha': 0.5124433065381101, 'reg_lambda': 0.25753568623790374}. Best is trial 12 with value: 19583.014136969276.
[I 2025-05-21 15:11:29,100] Trial 13 finished with value: 20454.102107747036 and parameters: {'learning_rate': 0.039725364970106536, 'max_depth': 8, 'num_leaves': 85, 'min_child_samples': 15, 'subsample': 0.6016453141017987, 'colsample_bytree': 0.8449356278804137, 'reg_alpha': 0.28476905832308214, 'reg_lambda': 0.2677924488471031}. Best is trial 12 with value: 19583.014136969276.
[I 2025-05-21 15:11:29,752] Trial 14 finished with value: 20166.192219464407 and parameters: {'learning_rate': 0.08250186750359642, 'max_depth': 6, 'num_leaves': 55, 'min_child_samples': 13, 'subsample': 0.6335390217700654, 'colsample_bytree': 0.9915503958451679, 'reg_alpha': 0.4422447905575331, 'reg_lambda': 0.40743348682217717}. Best is trial 12 with value: 19583.014136969276.
[I 2025-05-21 15:11:30,724] Trial 15 finished with value: 20314.215244809922 and parameters: {'learning_rate': 0.04715743589504362, 'max_depth': 8, 'num_leaves': 77, 'min_child_samples': 25, 'subsample': 0.6837784689601846, 'colsample_bytree': 0.7673672819298404, 'reg_alpha': 0.07839853274045833, 'reg_lambda': 0.1970134095977048}. Best is trial 12 with value: 19583.014136969276.
[I 2025-05-21 15:11:31,663] Trial 16 finished with value: 20886.156746816363 and parameters: {'learning_rate': 0.032272153098844666, 'max_depth': 7, 'num_leaves': 99, 'min_child_samples': 21, 'subsample': 0.7633856846383763, 'colsample_bytree': 0.8235517946267517, 'reg_alpha': 0.6094579883866693, 'reg_lambda': 0.5509054801008748}. Best is trial 12 with value: 19583.014136969276.
[I 2025-05-21 15:11:32,864] Trial 17 finished with value: 19025.97943204788 and parameters: {'learning_rate': 0.05990857202489128, 'max_depth': 9, 'num_leaves': 86, 'min_child_samples': 11, 'subsample': 0.6459891624911698, 'colsample_bytree': 0.7034776288193265, 'reg_alpha': 0.2523555747544327, 'reg_lambda': 0.3346170431010066}. Best is trial 17 with value: 19025.97943204788.
[I 2025-05-21 15:11:33,854] Trial 18 finished with value: 19421.619578220187 and parameters: {'learning_rate': 0.09682090852537434, 'max_depth': 9, 'num_leaves': 65, 'min_child_samples': 13, 'subsample': 0.6058001507561266, 'colsample_bytree': 0.8797887284022402, 'reg_alpha': 0.18921636036477038, 'reg_lambda': 0.34377857727004596}. Best is trial 17 with value: 19025.97943204788.
[I 2025-05-21 15:11:34,927] Trial 19 finished with value: 19745.00112321312 and parameters: {'learning_rate': 0.08524721195242474, 'max_depth': 9, 'num_leaves': 67, 'min_child_samples': 21, 'subsample': 0.7853744754987714, 'colsample_bytree': 0.8855682238765878, 'reg_alpha': 0.1966785390331196, 'reg_lambda': 0.377339317928875}. Best is trial 17 with value: 19025.97943204788.
[I 2025-05-21 15:11:35,785] Trial 20 finished with value: 21605.74821263295 and parameters: {'learning_rate': 0.06197990898677768, 'max_depth': 9, 'num_leaves': 51, 'min_child_samples': 33, 'subsample': 0.6556897121028973, 'colsample_bytree': 0.9961831162700948, 'reg_alpha': 0.1871705683996009, 'reg_lambda': 0.5092994842505182}. Best is trial 17 with value: 19025.97943204788.
[I 2025-05-21 15:11:36,533] Trial 21 finished with value: 19467.796292623625 and parameters: {'learning_rate': 0.09704413937997027, 'max_depth': 6, 'num_leaves': 77, 'min_child_samples': 12, 'subsample': 0.6107570735101068, 'colsample_bytree': 0.7844476993667415, 'reg_alpha': 0.4655573806738489, 'reg_lambda': 0.27394158972590477}. Best is trial 17 with value: 19025.97943204788.
[I 2025-05-21 15:11:37,682] Trial 22 finished with value: 19248.73545276341 and parameters: {'learning_rate': 0.09986210936135087, 'max_depth': 10, 'num_leaves': 64, 'min_child_samples': 11, 'subsample': 0.6074071202606462, 'colsample_bytree': 0.7170197931695573, 'reg_alpha': 0.41342990838731575, 'reg_lambda': 0.33730565356547754}. Best is trial 17 with value: 19025.97943204788.
[I 2025-05-21 15:11:38,954] Trial 23 finished with value: 19509.285547255302 and parameters: {'learning_rate': 0.07987217736639943, 'max_depth': 10, 'num_leaves': 66, 'min_child_samples': 17, 'subsample': 0.7127734697442414, 'colsample_bytree': 0.7076717577920131, 'reg_alpha': 0.3301836233466752, 'reg_lambda': 0.37958509724444595}. Best is trial 17 with value: 19025.97943204788.
[I 2025-05-21 15:11:39,922] Trial 24 finished with value: 19219.677774194588 and parameters: {'learning_rate': 0.08828351982147202, 'max_depth': 9, 'num_leaves': 48, 'min_child_samples': 11, 'subsample': 0.6612055096850101, 'colsample_bytree': 0.6491091711254384, 'reg_alpha': 0.20355966118767535, 'reg_lambda': 0.6074100596295526}. Best is trial 17 with value: 19025.97943204788.
[I 2025-05-21 15:11:40,859] Trial 25 finished with value: 19122.98948603504 and parameters: {'learning_rate': 0.08886859145386344, 'max_depth': 10, 'num_leaves': 49, 'min_child_samples': 10, 'subsample': 0.6588043497935206, 'colsample_bytree': 0.6502228856327874, 'reg_alpha': 0.2925508468140421, 'reg_lambda': 0.6035200416216464}. Best is trial 17 with value: 19025.97943204788.
[I 2025-05-21 15:11:41,762] Trial 26 finished with value: 19690.010915178285 and parameters: {'learning_rate': 0.08946369767067627, 'max_depth': 9, 'num_leaves': 47, 'min_child_samples': 5, 'subsample': 0.6622956286781444, 'colsample_bytree': 0.6153986143135464, 'reg_alpha': 0.25794084112494275, 'reg_lambda': 0.6210572101476312}. Best is trial 17 with value: 19025.97943204788.
[I 2025-05-21 15:11:42,587] Trial 27 finished with value: 20613.289523975003 and parameters: {'learning_rate': 0.0761821731389177, 'max_depth': 10, 'num_leaves': 39, 'min_child_samples': 32, 'subsample': 0.7246291431640468, 'colsample_bytree': 0.6606682654249981, 'reg_alpha': 0.021415583074916977, 'reg_lambda': 0.8496563750638444}. Best is trial 17 with value: 19025.97943204788.
[I 2025-05-21 15:11:43,612] Trial 28 finished with value: 19565.71629201949 and parameters: {'learning_rate': 0.06985853523288074, 'max_depth': 9, 'num_leaves': 49, 'min_child_samples': 9, 'subsample': 0.6801468780106771, 'colsample_bytree': 0.6731222704839961, 'reg_alpha': 0.11078532357250676, 'reg_lambda': 0.5899686066628012}. Best is trial 17 with value: 19025.97943204788.
[I 2025-05-21 15:11:44,385] Trial 29 finished with value: 20880.37711216322 and parameters: {'learning_rate': 0.0631884971788517, 'max_depth': 10, 'num_leaves': 30, 'min_child_samples': 29, 'subsample': 0.7946517987003998, 'colsample_bytree': 0.6329921009018719, 'reg_alpha': 0.36859631762502487, 'reg_lambda': 0.6741635170099531}. Best is trial 17 with value: 19025.97943204788.
Best parameters: {'learning_rate': 0.05990857202489128, 'max_depth': 9, 'num_leaves': 86, 'min_child_samples': 11, 'subsample': 0.6459891624911698, 'colsample_bytree': 0.7034776288193265, 'reg_alpha': 0.2523555747544327, 'reg_lambda': 0.3346170431010066}

Optuna LGBM Final (Fixed) Evaluation Metrics:
R² Score: 0.7532
RMSE: 137.93
MAE: 89.64
MAPE: 12.67%
